<?xml version="1.0" encoding="UTF-8"?>
<!-- Generated by org.testng.reporters.JUnitReportReporter -->
<testsuite hostname="DESKTOP-U6J26R2" failures="0" tests="4" name="Pack1.Testclass12" time="0.027" errors="0" timestamp="2022-09-18T13:55:50 IST" skipped="0">
  <testcase classname="Pack1.Testclass12" name="testD" time="0.011"/>
  <system-out/>
  <testcase classname="Pack1.Testclass12" name="testA" time="0.005"/>
  <system-out/>
  <testcase classname="Pack1.Testclass12" name="testB" time="0.004"/>
  <system-out/>
  <testcase classname="Pack1.Testclass12" name="testC" time="0.007"/>
  <system-out/>
</testsuite> <!-- Pack1.Testclass12 -->
