<?xml version="1.0" encoding="UTF-8"?>
<!-- Generated by org.testng.reporters.JUnitReportReporter -->
<testsuite hostname="DESKTOP-U6J26R2" failures="0" tests="4" name="Pack1.TestNG" time="0.488" errors="0" timestamp="2022-09-18T13:55:50 IST" skipped="0">
  <testcase classname="Pack1.TestNG" name="test4" time="0.004"/>
  <system-out/>
  <testcase classname="Pack1.TestNG" name="test1" time="0.473"/>
  <system-out/>
  <testcase classname="Pack1.TestNG" name="test2" time="0.005"/>
  <system-out/>
  <testcase classname="Pack1.TestNG" name="test3" time="0.006"/>
  <system-out/>
</testsuite> <!-- Pack1.TestNG -->
