<?xml version="1.0" encoding="UTF-8"?>
<!-- Generated by org.testng.reporters.JUnitReportReporter -->
<testsuite hostname="DESKTOP-U6J26R2" failures="0" tests="6" name="Pack1.testclass1" time="0.037" errors="0" timestamp="2022-09-14T18:51:17 IST" skipped="0">
  <testcase classname="Pack1.testclass1" name="testB" time="0.005"/>
  <system-out/>
  <testcase classname="Pack1.testclass1" name="testD" time="0.005"/>
  <system-out/>
  <testcase classname="Pack1.testclass1" name="testB" time="0.015"/>
  <system-out/>
  <testcase classname="Pack1.testclass1" name="testB" time="0.004"/>
  <system-out/>
  <testcase classname="Pack1.testclass1" name="testC" time="0.006"/>
  <system-out/>
  <testcase classname="Pack1.testclass1" name="testA" time="0.002"/>
  <system-out/>
</testsuite> <!-- Pack1.testclass1 -->
